<?xml version="1.0" encoding="UTF-8"?>
<testsuites name="healthcare-tests - TS_RegressionTest" time="271.206" tests="3" failures="0" errors="0">
   <testsuite name="healthcare-tests - TS_RegressionTest" tests="3" failures="0" errors="0" time="271.206" skipped="0" timestamp="2022-06-21 10:42:45" hostname="duc.phan - JGBW2D3" id="Test Suites/healthcare-tests - TS_RegressionTest">
      <properties>
[...]
</properties>
      <testcase name="Test Cases/Main Test Cases/TC1_Verify Successful Login" time="53.604" classname="Test Cases/Main Test Cases/TC1_Verify Successful Login" status="PASSED">
         <system-out><![CDATA[2022-06-21 10:42:45 - [TEST_CASE][PASSED] - Test Cases/Main Test Cases/TC1_Verify Successful Login: Test Cases/Main Test Cases/TC1_Verify Successful Login

2022-06-21 10:42:46 - [TEST_STEP][PASSED] - comment("Story: Login to CURA system"): Story: Login to CURA system

2022-06-21 10:42:46 - [MESSAGE][INFO] - Story: Login to CURA system

2022-06-21 10:42:46 - [TEST_STEP][PASSED] - comment("Given that the user has the valid login information"): Given that the user has the valid login information

2022-06-21 10:42:46 - [MESSAGE][INFO] - Given that the user has the valid login information

2022-06-21 10:42:46 - [TEST_STEP][PASSED] - openBrowser(G_SiteURL): Browser is opened with url: 'http://demoaut.katalon.com'

2022-06-21 10:42:46 - [MESSAGE][INFO] - User set preference: ['os', 'linux']

2022-06-21 10:42:46 - [MESSAGE][INFO] - User set preference: ['browserName', 'chrome']

2022-06-21 10:42:46 - [MESSAGE][INFO] - User set preference: ['browserVersion', '99']

2022-06-21 10:42:46 - [MESSAGE][INFO] - User set preference: ['katalon:option', '{organizationId=692154, tunnelId=, usingTunnel=false}']

2022-06-21 10:42:46 - [MESSAGE][INFO] - Connecting to remote web server 'testcloud.katalon.com/hub' with type 'Selenium'

2022-06-21 10:42:47 - [MESSAGE][INFO] - Action delay is set to 0 milliseconds

2022-06-21 10:43:14 - [MESSAGE][PASSED] - Browser is opened with url: 'http://demoaut.katalon.com'

2022-06-21 10:43:14 - [TEST_STEP][PASSED] - click(findTestObject("Page_CuraHomepage/btn_MakeAppointment")): Object: 'Object Repository/Page_CuraHomepage/btn_MakeAppointment' is clicked on

2022-06-21 10:43:17 - [MESSAGE][PASSED] - Object: 'Object Repository/Page_CuraHomepage/btn_MakeAppointment' is clicked on

2022-06-21 10:43:17 - [TEST_STEP][PASSED] - setText(findTestObject("Page_Login/txt_UserName"), Username): Text 'John Doe' is set on object 'Object Repository/Page_Login/txt_UserName'

2022-06-21 10:43:24 - [MESSAGE][PASSED] - Text 'John Doe' is set on object 'Object Repository/Page_Login/txt_UserName'

2022-06-21 10:43:24 - [TEST_STEP][PASSED] - setText(findTestObject("Page_Login/txt_Password"), Password): Text 'ThisIsNotAPassword' is set on object 'Object Repository/Page_Login/txt_Password'

2022-06-21 10:43:30 - [MESSAGE][PASSED] - Text 'ThisIsNotAPassword' is set on object 'Object Repository/Page_Login/txt_Password'

2022-06-21 10:43:30 - [TEST_STEP][PASSED] - comment("When he logins to CURA system"): When he logins to CURA system

2022-06-21 10:43:30 - [MESSAGE][INFO] - When he logins to CURA system

2022-06-21 10:43:30 - [TEST_STEP][PASSED] - click(findTestObject("Page_Login/btn_Login")): Object: 'Object Repository/Page_Login/btn_Login' is clicked on

2022-06-21 10:43:33 - [MESSAGE][PASSED] - Object: 'Object Repository/Page_Login/btn_Login' is clicked on

2022-06-21 10:43:33 - [TEST_STEP][PASSED] - comment("Then he should be able to login successfully"): Then he should be able to login successfully

2022-06-21 10:43:33 - [MESSAGE][INFO] - Then he should be able to login successfully

2022-06-21 10:43:33 - [TEST_STEP][PASSED] - landingPage = verifyElementPresent(findTestObject("Page_CuraAppointment/div_Appointment"), G_Timeout): Object 'Object Repository/Page_CuraAppointment/div_Appointment' is present

2022-06-21 10:43:36 - [MESSAGE][PASSED] - Object 'Object Repository/Page_CuraAppointment/div_Appointment' is present

2022-06-21 10:43:36 - [TEST_STEP][PASSED] - closeBrowser(): Browser is closed

2022-06-21 10:43:37 - [MESSAGE][PASSED] - Browser is closed

2022-06-21 10:43:39 - [TEST_STEP][PASSED] - Video: Video recording for test case 'Test Cases/Main Test Cases/TC1_Verify Successful Login' .

2022-06-21 10:43:39 - [MESSAGE][INFO] - Video recording for test case 'Test Cases/Main Test Cases/TC1_Verify Successful Login' .]]></system-out>
         <system-err><![CDATA[]]></system-err>
      </testcase>
      <testcase name="Test Cases/Main Test Cases/TC2_Verify Successful Appointment" time="82.746" classname="Test Cases/Main Test Cases/TC2_Verify Successful Appointment" status="PASSED">
         <system-out><![CDATA[2022-06-21 10:43:39 - [TEST_CASE][PASSED] - Test Cases/Main Test Cases/TC2_Verify Successful Appointment: Test Cases/Main Test Cases/TC2_Verify Successful Appointment

2022-06-21 10:43:39 - [TEST_STEP][PASSED] - comment("Story: Book an appointment"): Story: Book an appointment

2022-06-21 10:43:39 - [MESSAGE][INFO] - Story: Book an appointment

2022-06-21 10:43:39 - [TEST_STEP][PASSED] - comment("Given that the user has logged into their account"): Given that the user has logged into their account

2022-06-21 10:43:39 - [MESSAGE][INFO] - Given that the user has logged into their account

2022-06-21 10:43:39 - [TEST_STEP][PASSED] - openBrowser(G_SiteURL): Browser is opened with url: 'http://demoaut.katalon.com'

2022-06-21 10:43:39 - [MESSAGE][INFO] - User set preference: ['os', 'linux']

2022-06-21 10:43:39 - [MESSAGE][INFO] - User set preference: ['browserName', 'chrome']

2022-06-21 10:43:39 - [MESSAGE][INFO] - User set preference: ['browserVersion', '99']

2022-06-21 10:43:39 - [MESSAGE][INFO] - User set preference: ['katalon:option', '{organizationId=692154, tunnelId=, usingTunnel=false}']

2022-06-21 10:43:39 - [MESSAGE][INFO] - Connecting to remote web server 'testcloud.katalon.com/hub' with type 'Selenium'

2022-06-21 10:43:39 - [MESSAGE][INFO] - Action delay is set to 0 milliseconds

2022-06-21 10:43:58 - [MESSAGE][PASSED] - Browser is opened with url: 'http://demoaut.katalon.com'

2022-06-21 10:43:58 - [TEST_STEP][PASSED] - callTestCase(findTestCase("Common Test Cases/Login"), ["Username":"John Doe", "Password":"ThisIsNotAPassword"], STOP_ON_FAILURE): Call Test Case 'Test Cases/Common Test Cases/Login' successfully

2022-06-21 10:43:58 - [TEST_CASE][PASSED] - Test Cases/Common Test Cases/Login: Test Cases/Common Test Cases/Login

2022-06-21 10:43:59 - [TEST_STEP][PASSED] - click(findTestObject("Page_CuraHomepage/btn_MakeAppointment")): Object: 'Object Repository/Page_CuraHomepage/btn_MakeAppointment' is clicked on

2022-06-21 10:44:01 - [MESSAGE][PASSED] - Object: 'Object Repository/Page_CuraHomepage/btn_MakeAppointment' is clicked on

2022-06-21 10:44:01 - [TEST_STEP][PASSED] - setText(findTestObject("Page_Login/txt_UserName"), Username): Text 'John Doe' is set on object 'Object Repository/Page_Login/txt_UserName'

2022-06-21 10:44:06 - [MESSAGE][PASSED] - Text 'John Doe' is set on object 'Object Repository/Page_Login/txt_UserName'

2022-06-21 10:44:06 - [TEST_STEP][PASSED] - setText(findTestObject("Page_Login/txt_Password"), Password): Text 'ThisIsNotAPassword' is set on object 'Object Repository/Page_Login/txt_Password'

2022-06-21 10:44:11 - [MESSAGE][PASSED] - Text 'ThisIsNotAPassword' is set on object 'Object Repository/Page_Login/txt_Password'

2022-06-21 10:44:11 - [TEST_STEP][PASSED] - click(findTestObject("Page_Login/btn_Login")): Object: 'Object Repository/Page_Login/btn_Login' is clicked on

2022-06-21 10:44:14 - [MESSAGE][PASSED] - Object: 'Object Repository/Page_Login/btn_Login' is clicked on

2022-06-21 10:44:14 - [TEST_STEP][PASSED] - landingPage = verifyElementPresent(findTestObject("Page_CuraAppointment/div_Appointment"), G_Timeout): Object 'Object Repository/Page_CuraAppointment/div_Appointment' is present

2022-06-21 10:44:16 - [MESSAGE][PASSED] - Object 'Object Repository/Page_CuraAppointment/div_Appointment' is present

2022-06-21 10:44:16 - [MESSAGE][PASSED] - Call Test Case 'Test Cases/Common Test Cases/Login' successfully

2022-06-21 10:44:16 - [TEST_STEP][PASSED] - comment("And Appointment page is displayed"): And Appointment page is displayed

2022-06-21 10:44:16 - [MESSAGE][INFO] - And Appointment page is displayed

2022-06-21 10:44:16 - [TEST_STEP][PASSED] - if (true): Text 'Please make appointment as soon as possible.' is set on object 'Object Repository/Page_CuraAppointment/txt_Comment'

2022-06-21 10:44:16 - [TEST_STEP][PASSED] - selectOptionByLabel(findTestObject("Page_CuraAppointment/lst_Facility"), "Hongkong CURA Healthcare Center", false): All options with label 'Hongkong CURA Healthcare Center' are selected in object 'Object Repository/Page_CuraAppointment/lst_Facility' 

2022-06-21 10:44:22 - [MESSAGE][PASSED] - All options with label 'Hongkong CURA Healthcare Center' are selected in object 'Object Repository/Page_CuraAppointment/lst_Facility' 

2022-06-21 10:44:22 - [TEST_STEP][PASSED] - check(findTestObject("Page_CuraAppointment/chk_Medicaid")): Object 'Object Repository/Page_CuraAppointment/chk_Medicaid' is checked

2022-06-21 10:44:25 - [MESSAGE][PASSED] - Object 'Object Repository/Page_CuraAppointment/chk_Medicaid' is checked

2022-06-21 10:44:25 - [TEST_STEP][PASSED] - check(findTestObject("Page_CuraAppointment/chk_Readmission")): Object 'Object Repository/Page_CuraAppointment/chk_Readmission' is checked

2022-06-21 10:44:28 - [MESSAGE][PASSED] - Object 'Object Repository/Page_CuraAppointment/chk_Readmission' is checked

2022-06-21 10:44:28 - [TEST_STEP][PASSED] - setText(findTestObject("Page_CuraAppointment/txt_VisitDate"), "27/12/2016"): Text '27/12/2016' is set on object 'Object Repository/Page_CuraAppointment/txt_VisitDate'

2022-06-21 10:44:33 - [MESSAGE][PASSED] - Text '27/12/2016' is set on object 'Object Repository/Page_CuraAppointment/txt_VisitDate'

2022-06-21 10:44:33 - [TEST_STEP][PASSED] - setText(findTestObject("Page_CuraAppointment/txt_Comment"), "Please make appointment as soon as possible."): Text 'Please make appointment as soon as possible.' is set on object 'Object Repository/Page_CuraAppointment/txt_Comment'

2022-06-21 10:44:38 - [MESSAGE][PASSED] - Text 'Please make appointment as soon as possible.' is set on object 'Object Repository/Page_CuraAppointment/txt_Comment'

2022-06-21 10:44:38 - [TEST_STEP][PASSED] - comment("When he fills in valid information in Appointment page"): When he fills in valid information in Appointment page

2022-06-21 10:44:38 - [MESSAGE][INFO] - When he fills in valid information in Appointment page

2022-06-21 10:44:38 - [TEST_STEP][PASSED] - click(findTestObject("Page_CuraAppointment/btn_BookAppointment")): Object: 'Object Repository/Page_CuraAppointment/btn_BookAppointment' is clicked on

2022-06-21 10:44:40 - [MESSAGE][PASSED] - Object: 'Object Repository/Page_CuraAppointment/btn_BookAppointment' is clicked on

2022-06-21 10:44:40 - [TEST_STEP][PASSED] - verifyTextPresent("Appointment Confirmation", false): Text 'Appointment Confirmation' is present on page 

2022-06-21 10:44:43 - [MESSAGE][PASSED] - Text 'Appointment Confirmation' is present on page 

2022-06-21 10:44:43 - [TEST_STEP][PASSED] - comment("Then he should be able to book a new appointment"): Then he should be able to book a new appointment

2022-06-21 10:44:43 - [MESSAGE][INFO] - Then he should be able to book a new appointment

2022-06-21 10:44:43 - [TEST_STEP][PASSED] - if (true): Actual text 'Please make appointment as soon as possible.' and expected text 'Please make appointment as soon as possible.' are matched 

2022-06-21 10:44:43 - [TEST_STEP][PASSED] - verifyMatch("Hongkong CURA Healthcare Center", getText(findTestObject("Page_AppointmentConfirmation/lbl_Facility")), false): Actual text 'Hongkong CURA Healthcare Center' and expected text 'Hongkong CURA Healthcare Center' are matched 

2022-06-21 10:44:45 - [MESSAGE][PASSED] - Text of object 'Object Repository/Page_AppointmentConfirmation/lbl_Facility' is: 'Hongkong CURA Healthcare Center'

2022-06-21 10:44:45 - [MESSAGE][PASSED] - Actual text 'Hongkong CURA Healthcare Center' and expected text 'Hongkong CURA Healthcare Center' are matched 

2022-06-21 10:44:45 - [TEST_STEP][PASSED] - verifyMatch("Yes", getText(findTestObject("Page_AppointmentConfirmation/lbl_HospitalReadmission")), false): Actual text 'Yes' and expected text 'Yes' are matched 

2022-06-21 10:44:48 - [MESSAGE][PASSED] - Text of object 'Object Repository/Page_AppointmentConfirmation/lbl_HospitalReadmission' is: 'Yes'

2022-06-21 10:44:48 - [MESSAGE][PASSED] - Actual text 'Yes' and expected text 'Yes' are matched 

2022-06-21 10:44:48 - [TEST_STEP][PASSED] - verifyMatch("Medicaid", getText(findTestObject("Page_AppointmentConfirmation/lbl_Program")), false): Actual text 'Medicaid' and expected text 'Medicaid' are matched 

2022-06-21 10:44:50 - [MESSAGE][PASSED] - Text of object 'Object Repository/Page_AppointmentConfirmation/lbl_Program' is: 'Medicaid'

2022-06-21 10:44:50 - [MESSAGE][PASSED] - Actual text 'Medicaid' and expected text 'Medicaid' are matched 

2022-06-21 10:44:50 - [TEST_STEP][PASSED] - verifyMatch("27/12/2016", getText(findTestObject("Page_AppointmentConfirmation/lbl_VisitDate")), false): Actual text '27/12/2016' and expected text '27/12/2016' are matched 

2022-06-21 10:44:53 - [MESSAGE][PASSED] - Text of object 'Object Repository/Page_AppointmentConfirmation/lbl_VisitDate' is: '27/12/2016'

2022-06-21 10:44:53 - [MESSAGE][PASSED] - Actual text '27/12/2016' and expected text '27/12/2016' are matched 

2022-06-21 10:44:53 - [TEST_STEP][PASSED] - verifyMatch("Please make appointment as soon as possible.", getText(findTestObject("Page_AppointmentConfirmation/lbl_Comment")), false): Actual text 'Please make appointment as soon as possible.' and expected text 'Please make appointment as soon as possible.' are matched 

2022-06-21 10:44:56 - [MESSAGE][PASSED] - Text of object 'Object Repository/Page_AppointmentConfirmation/lbl_Comment' is: 'Please make appointment as soon as possible.'

2022-06-21 10:44:56 - [MESSAGE][PASSED] - Actual text 'Please make appointment as soon as possible.' and expected text 'Please make appointment as soon as possible.' are matched 

2022-06-21 10:44:56 - [TEST_STEP][PASSED] - takeScreenshot(): Taking screenshot successfully

2022-06-21 10:44:58 - [MESSAGE][PASSED] - Taking screenshot successfully
[[ATTACHMENT|C:\\Users\\duc.phan\\git\\demo2\\Reports\\20220621_103753\\healthcare-tests - TS_RegressionTest\\20220621_103756\\1655783097747.png]]

2022-06-21 10:44:58 - [TEST_STEP][PASSED] - closeBrowser(): Browser is closed

2022-06-21 10:44:59 - [MESSAGE][PASSED] - Browser is closed

2022-06-21 10:45:01 - [TEST_STEP][PASSED] - Video: Video recording for test case 'Test Cases/Main Test Cases/TC2_Verify Successful Appointment' .

2022-06-21 10:45:01 - [MESSAGE][INFO] - Video recording for test case 'Test Cases/Main Test Cases/TC2_Verify Successful Appointment' .]]></system-out>
         <system-err><![CDATA[]]></system-err>
      </testcase>
      <testcase name="Test Cases/Main Test Cases/TC3_Visual Testing Example" time="134.543" classname="Test Cases/Main Test Cases/TC3_Visual Testing Example" status="PASSED">
         <system-out><![CDATA[2022-06-21 10:45:01 - [TEST_CASE][PASSED] - Test Cases/Main Test Cases/TC3_Visual Testing Example: Test Cases/Main Test Cases/TC3_Visual Testing Example

2022-06-21 10:45:02 - [TEST_STEP][PASSED] - comment("Story: Book an appointment"): Story: Book an appointment

2022-06-21 10:45:02 - [MESSAGE][INFO] - Story: Book an appointment

2022-06-21 10:45:02 - [TEST_STEP][PASSED] - comment("Given that the user has logged into their account"): Given that the user has logged into their account

2022-06-21 10:45:02 - [MESSAGE][INFO] - Given that the user has logged into their account

2022-06-21 10:45:02 - [TEST_STEP][PASSED] - openBrowser(G_SiteURL): Browser is opened with url: 'http://demoaut.katalon.com'

2022-06-21 10:45:02 - [MESSAGE][INFO] - User set preference: ['os', 'linux']

2022-06-21 10:45:02 - [MESSAGE][INFO] - User set preference: ['browserName', 'chrome']

2022-06-21 10:45:02 - [MESSAGE][INFO] - User set preference: ['browserVersion', '99']

2022-06-21 10:45:02 - [MESSAGE][INFO] - User set preference: ['katalon:option', '{organizationId=692154, tunnelId=, usingTunnel=false}']

2022-06-21 10:45:02 - [MESSAGE][INFO] - Connecting to remote web server 'testcloud.katalon.com/hub' with type 'Selenium'

2022-06-21 10:45:02 - [MESSAGE][INFO] - Action delay is set to 0 milliseconds

2022-06-21 10:45:28 - [MESSAGE][PASSED] - Browser is opened with url: 'http://demoaut.katalon.com'

2022-06-21 10:45:28 - [TEST_STEP][PASSED] - takeScreenshotAsCheckpoint("login page"): Taking screenshot successfully

2022-06-21 10:45:35 - [MESSAGE][INFO] - 0 hidden object(s)

2022-06-21 10:45:35 - [MESSAGE][PASSED] - Taking screenshot successfully
[[ATTACHMENT|keyes\keyes-login page.png]]

2022-06-21 10:45:35 - [TEST_STEP][PASSED] - callTestCase(findTestCase("Common Test Cases/Login"), ["Username":"John Doe", "Password":"ThisIsNotAPassword"], STOP_ON_FAILURE): Call Test Case 'Test Cases/Common Test Cases/Login' successfully

2022-06-21 10:45:35 - [TEST_CASE][PASSED] - Test Cases/Common Test Cases/Login: Test Cases/Common Test Cases/Login

2022-06-21 10:45:35 - [TEST_STEP][PASSED] - click(findTestObject("Page_CuraHomepage/btn_MakeAppointment")): Object: 'Object Repository/Page_CuraHomepage/btn_MakeAppointment' is clicked on

2022-06-21 10:45:38 - [MESSAGE][PASSED] - Object: 'Object Repository/Page_CuraHomepage/btn_MakeAppointment' is clicked on

2022-06-21 10:45:38 - [TEST_STEP][PASSED] - setText(findTestObject("Page_Login/txt_UserName"), Username): Text 'John Doe' is set on object 'Object Repository/Page_Login/txt_UserName'

2022-06-21 10:45:43 - [MESSAGE][PASSED] - Text 'John Doe' is set on object 'Object Repository/Page_Login/txt_UserName'

2022-06-21 10:45:43 - [TEST_STEP][PASSED] - setText(findTestObject("Page_Login/txt_Password"), Password): Text 'ThisIsNotAPassword' is set on object 'Object Repository/Page_Login/txt_Password'

2022-06-21 10:45:48 - [MESSAGE][PASSED] - Text 'ThisIsNotAPassword' is set on object 'Object Repository/Page_Login/txt_Password'

2022-06-21 10:45:48 - [TEST_STEP][PASSED] - click(findTestObject("Page_Login/btn_Login")): Object: 'Object Repository/Page_Login/btn_Login' is clicked on

2022-06-21 10:45:51 - [MESSAGE][PASSED] - Object: 'Object Repository/Page_Login/btn_Login' is clicked on

2022-06-21 10:45:51 - [TEST_STEP][PASSED] - landingPage = verifyElementPresent(findTestObject("Page_CuraAppointment/div_Appointment"), G_Timeout): Object 'Object Repository/Page_CuraAppointment/div_Appointment' is present

2022-06-21 10:45:53 - [MESSAGE][PASSED] - Object 'Object Repository/Page_CuraAppointment/div_Appointment' is present

2022-06-21 10:45:53 - [MESSAGE][PASSED] - Call Test Case 'Test Cases/Common Test Cases/Login' successfully

2022-06-21 10:45:53 - [TEST_STEP][PASSED] - comment("And Appointment page is displayed"): And Appointment page is displayed

2022-06-21 10:45:53 - [MESSAGE][INFO] - And Appointment page is displayed

2022-06-21 10:45:53 - [TEST_STEP][PASSED] - if (true): Text 'Please make appointment as soon as possible.' is set on object 'Object Repository/Page_CuraAppointment/txt_Comment'

2022-06-21 10:45:53 - [TEST_STEP][PASSED] - takeScreenshotAsCheckpoint("appointment page"): Taking screenshot successfully

2022-06-21 10:45:57 - [MESSAGE][INFO] - 0 hidden object(s)

2022-06-21 10:45:57 - [MESSAGE][PASSED] - Taking screenshot successfully
[[ATTACHMENT|keyes\keyes-appointment page.png]]

2022-06-21 10:45:57 - [TEST_STEP][PASSED] - selectOptionByLabel(findTestObject("Page_CuraAppointment/lst_Facility"), "Hongkong CURA Healthcare Center", false): All options with label 'Hongkong CURA Healthcare Center' are selected in object 'Object Repository/Page_CuraAppointment/lst_Facility' 

2022-06-21 10:46:03 - [MESSAGE][PASSED] - All options with label 'Hongkong CURA Healthcare Center' are selected in object 'Object Repository/Page_CuraAppointment/lst_Facility' 

2022-06-21 10:46:03 - [TEST_STEP][PASSED] - check(findTestObject("Page_CuraAppointment/chk_Medicaid")): Object 'Object Repository/Page_CuraAppointment/chk_Medicaid' is checked

2022-06-21 10:46:07 - [MESSAGE][PASSED] - Object 'Object Repository/Page_CuraAppointment/chk_Medicaid' is checked

2022-06-21 10:46:07 - [TEST_STEP][PASSED] - check(findTestObject("Page_CuraAppointment/chk_Readmission")): Object 'Object Repository/Page_CuraAppointment/chk_Readmission' is checked

2022-06-21 10:46:10 - [MESSAGE][PASSED] - Object 'Object Repository/Page_CuraAppointment/chk_Readmission' is checked

2022-06-21 10:46:10 - [TEST_STEP][PASSED] - setText(findTestObject("Page_CuraAppointment/txt_VisitDate"), "27/12/2016"): Text '27/12/2016' is set on object 'Object Repository/Page_CuraAppointment/txt_VisitDate'

2022-06-21 10:46:15 - [MESSAGE][PASSED] - Text '27/12/2016' is set on object 'Object Repository/Page_CuraAppointment/txt_VisitDate'

2022-06-21 10:46:15 - [TEST_STEP][PASSED] - setText(findTestObject("Page_CuraAppointment/txt_Comment"), "Please make appointment as soon as possible."): Text 'Please make appointment as soon as possible.' is set on object 'Object Repository/Page_CuraAppointment/txt_Comment'

2022-06-21 10:46:20 - [MESSAGE][PASSED] - Text 'Please make appointment as soon as possible.' is set on object 'Object Repository/Page_CuraAppointment/txt_Comment'

2022-06-21 10:46:20 - [TEST_STEP][PASSED] - comment("When he fills in valid information in Appointment page"): When he fills in valid information in Appointment page

2022-06-21 10:46:20 - [MESSAGE][INFO] - When he fills in valid information in Appointment page

2022-06-21 10:46:20 - [TEST_STEP][PASSED] - click(findTestObject("Page_CuraAppointment/btn_BookAppointment")): Object: 'Object Repository/Page_CuraAppointment/btn_BookAppointment' is clicked on

2022-06-21 10:46:23 - [MESSAGE][PASSED] - Object: 'Object Repository/Page_CuraAppointment/btn_BookAppointment' is clicked on

2022-06-21 10:46:23 - [TEST_STEP][PASSED] - verifyTextPresent("Appointment Confirmation", false): Text 'Appointment Confirmation' is present on page 

2022-06-21 10:46:25 - [MESSAGE][PASSED] - Text 'Appointment Confirmation' is present on page 

2022-06-21 10:46:25 - [TEST_STEP][PASSED] - comment("Then he should be able to book a new appointment"): Then he should be able to book a new appointment

2022-06-21 10:46:25 - [MESSAGE][INFO] - Then he should be able to book a new appointment

2022-06-21 10:46:25 - [TEST_STEP][PASSED] - if (true): Actual text 'Please make appointment as soon as possible.' and expected text 'Please make appointment as soon as possible.' are matched 

2022-06-21 10:46:25 - [TEST_STEP][PASSED] - takeFullPageScreenshotAsCheckpoint("booked appointment", [findTestObject("Page_AppointmentConfirmation/lbl_VisitDate")]): Taking screenshot successfully

2022-06-21 10:46:25 - [MESSAGE][WARNING] - Timeout '0' is invalid. Using default page load timeout: '30'

2022-06-21 10:46:28 - [MESSAGE][INFO] - 1 hidden object(s)

2022-06-21 10:46:49 - [MESSAGE][INFO] - 0 hidden object(s)

2022-06-21 10:46:50 - [MESSAGE][PASSED] - Taking screenshot successfully
[[ATTACHMENT|keyes\keyes-booked appointment.png]]

2022-06-21 10:46:50 - [TEST_STEP][PASSED] - verifyMatch("Hongkong CURA Healthcare Center", getText(findTestObject("Page_AppointmentConfirmation/lbl_Facility")), false): Actual text 'Hongkong CURA Healthcare Center' and expected text 'Hongkong CURA Healthcare Center' are matched 

2022-06-21 10:46:53 - [MESSAGE][PASSED] - Text of object 'Object Repository/Page_AppointmentConfirmation/lbl_Facility' is: 'Hongkong CURA Healthcare Center'

2022-06-21 10:46:53 - [MESSAGE][PASSED] - Actual text 'Hongkong CURA Healthcare Center' and expected text 'Hongkong CURA Healthcare Center' are matched 

2022-06-21 10:46:53 - [TEST_STEP][PASSED] - verifyMatch("Yes", getText(findTestObject("Page_AppointmentConfirmation/lbl_HospitalReadmission")), false): Actual text 'Yes' and expected text 'Yes' are matched 

2022-06-21 10:46:57 - [MESSAGE][PASSED] - Text of object 'Object Repository/Page_AppointmentConfirmation/lbl_HospitalReadmission' is: 'Yes'

2022-06-21 10:46:57 - [MESSAGE][PASSED] - Actual text 'Yes' and expected text 'Yes' are matched 

2022-06-21 10:46:57 - [TEST_STEP][PASSED] - verifyMatch("Medicaid", getText(findTestObject("Page_AppointmentConfirmation/lbl_Program")), false): Actual text 'Medicaid' and expected text 'Medicaid' are matched 

2022-06-21 10:47:01 - [MESSAGE][PASSED] - Text of object 'Object Repository/Page_AppointmentConfirmation/lbl_Program' is: 'Medicaid'

2022-06-21 10:47:01 - [MESSAGE][PASSED] - Actual text 'Medicaid' and expected text 'Medicaid' are matched 

2022-06-21 10:47:01 - [TEST_STEP][PASSED] - verifyMatch("27/12/2016", getText(findTestObject("Page_AppointmentConfirmation/lbl_VisitDate")), false): Actual text '27/12/2016' and expected text '27/12/2016' are matched 

2022-06-21 10:47:04 - [MESSAGE][PASSED] - Text of object 'Object Repository/Page_AppointmentConfirmation/lbl_VisitDate' is: '27/12/2016'

2022-06-21 10:47:04 - [MESSAGE][PASSED] - Actual text '27/12/2016' and expected text '27/12/2016' are matched 

2022-06-21 10:47:04 - [TEST_STEP][PASSED] - verifyMatch("Please make appointment as soon as possible.", getText(findTestObject("Page_AppointmentConfirmation/lbl_Comment")), false): Actual text 'Please make appointment as soon as possible.' and expected text 'Please make appointment as soon as possible.' are matched 

2022-06-21 10:47:08 - [MESSAGE][PASSED] - Text of object 'Object Repository/Page_AppointmentConfirmation/lbl_Comment' is: 'Please make appointment as soon as possible.'

2022-06-21 10:47:08 - [MESSAGE][PASSED] - Actual text 'Please make appointment as soon as possible.' and expected text 'Please make appointment as soon as possible.' are matched 

2022-06-21 10:47:08 - [TEST_STEP][PASSED] - takeScreenshot(): Taking screenshot successfully

2022-06-21 10:47:12 - [MESSAGE][PASSED] - Taking screenshot successfully
[[ATTACHMENT|C:\\Users\\duc.phan\\git\\demo2\\Reports\\20220621_103753\\healthcare-tests - TS_RegressionTest\\20220621_103756\\1655783231464.png]]

2022-06-21 10:47:12 - [TEST_STEP][PASSED] - closeBrowser(): Browser is closed

2022-06-21 10:47:14 - [MESSAGE][PASSED] - Browser is closed

2022-06-21 10:47:16 - [TEST_STEP][PASSED] - Video: Video recording for test case 'Test Cases/Main Test Cases/TC3_Visual Testing Example' .

2022-06-21 10:47:16 - [MESSAGE][INFO] - Video recording for test case 'Test Cases/Main Test Cases/TC3_Visual Testing Example' .]]></system-out>
         <system-err><![CDATA[]]></system-err>
      </testcase>
      <system-out><![CDATA[2022-06-21 10:42:45 - [TEST_SUITE][PASSED] - healthcare-tests - TS_RegressionTest: Test Cases/Main Test Cases/TC3_Visual Testing Example]]></system-out>
      <system-err><![CDATA[]]></system-err>
   </testsuite>
</testsuites>
